<?xml version="1.0" encoding="UTF-8"?>
<!-- Generated by org.testng.reporters.JUnitXMLReporter -->
<testsuite ignored="0" hostname="LAPTOP-VNBA3OG5" failures="0" tests="3" name="Default test" time="0.065" errors="0" timestamp="2021-10-16T19:55:00 CDT">
  <testcase classname="FindcommonPrefix.FindPrefix" name="test1" time="0.013"/>
  <testcase classname="FindcommonPrefix.FindPrefix" name="test2" time="0.002"/>
  <testcase classname="FindcommonPrefix.FindPrefix" name="test3" time="0.001"/>
</testsuite> <!-- Default test -->
